2022-08-28 03:36:23 [INFO] - 正在读取 [README.md] ...
2022-08-28 03:36:23 [INFO] - 正在读取所有项目仓库的活动数据 ...
2022-08-28 03:36:32 [INFO] - 获得 [110] 个项目仓库的数据
2022-08-28 03:36:32 [INFO] - 正在构造 [时间分配] 数据 ...
2022-08-28 03:36:32 [INFO] - 
```text
Programming    25 hrs    ooooooooooooooxxxxxx    60.62%
Learning       05 hrs    ooooxxxxxxxxxxxxxxxx    10.92%
Writing        02 hrs    ooxxxxxxxxxxxxxxxxxx    03.55%
Playing        10 hrs    ooooooxxxxxxxxxxxxxx    24.91%
```

2022-08-28 03:36:32 [INFO] - 正在构造 [最近活跃] 数据 ...
2022-08-28 03:36:32 [INFO] - 
| repo | description | commit count | push time |
|:------|:------|:------|:------|
| [ro-pandas-client-patch](https://github.com/lyy289065406/ro-pandas-client-patch) | 仙境 RO 传说 - 客户端（补丁） | 222 | 2022-08-27 14:13:08 ![news](https://github.com/lyy289065406/lyy289065406/blob/master/imgs/new.gif) |
| [ro-pandas-server-docker](https://github.com/lyy289065406/ro-pandas-server-docker) | 仙境 RO 传说 - 服务端（docker 一键启动版） | 1075 | 2022-08-27 12:35:46  |
| [CTF-Solving-Reports](https://github.com/lyy289065406/CTF-Solving-Reports) | CTF 解题报告 | 305 | 2022-08-24 07:35:50  |
| [AI-visual-training-cheater](https://github.com/lyy289065406/AI-visual-training-cheater) | AI 视觉训练辅助器 | 223 | 2022-08-22 16:55:00  |
| [ubuntu-gcc-cmake-docker](https://github.com/lyy289065406/ubuntu-gcc-cmake-docker) | ubuntu 18.04 + gcc 7.5.0 + cmake 3.16.0 | 15 | 2022-08-12 13:52:49  |
| [mojo-release-plugin](https://github.com/lyy289065406/mojo-release-plugin) | Maven项目发布插件 | 52 | 2022-07-01 22:19:18  |
| [ro-single-server](https://github.com/lyy289065406/ro-single-server) | 仙境RO传说-单机版-服务端（支持联机） | 380 | 2022-06-27 12:54:49  |
| [one-to-m-liveness](https://github.com/lyy289065406/one-to-m-liveness) | 一对多探活器 | 39 | 2022-06-07 10:00:42  |
| [ro-single-client](https://github.com/lyy289065406/ro-single-client) | 仙境RO传说-单机版-客户端（登陆补丁） | 26 | 2022-05-26 13:41:33  |
| [exp-libs-refactor](https://github.com/lyy289065406/exp-libs-refactor) | 经验构件库（重构版） | 119 | 2022-05-22 12:27:24  |

2022-08-28 03:36:32 [INFO] - 正在构造 [最新文章] 数据 ...
2022-08-28 03:36:33 [INFO] - 
| repo | article | push time |
|:------|:------|:------|
| [articles](https://github.com/lyy289065406/articles) | [弹无虚发？视觉 AI 杀疯了！](https://exp-blog.com/deeplearn/shi-jue-ai-fu-zhu-de-yuan-li-he-fan-zhi/) | 2022-05-04 13:49:12 ![news](https://github.com/lyy289065406/lyy289065406/blob/master/imgs/new.gif) |
| [articles](https://github.com/lyy289065406/articles) | [OpenPose 编译指引（含 python 接口）](https://exp-blog.com/deeplearn/openpose-bian-yi-zhi-yin/) | 2022-01-08 10:24:57  |
| [articles](https://github.com/lyy289065406/articles) | [浅出狼人杀](https://exp-blog.com/algorithm/qian-chu-lang-ren-sha/) | 2021-10-24 16:58:55  |
| [articles](https://github.com/lyy289065406/articles) | [深入博弈论](https://exp-blog.com/algorithm/shen-ru-bo-yi-lun/) | 2021-10-24 16:58:55  |
| [articles](https://github.com/lyy289065406/articles) | [CTF 解题报告导航](https://exp-blog.com/safe/ctf/ctf-jie-ti-bao-gao-dao-hang/) | 2021-08-17 08:21:57  |
| [articles](https://github.com/lyy289065406/articles) | [CVE-2021-22192 漏洞分析](https://exp-blog.com/safe/cve/cve-2021-22192-lou-dong-fen-xi/) | 2021-05-02 05:29:41  |
| [articles](https://github.com/lyy289065406/articles) | [使用 Hexo 在 Github 搭建个人网站](https://exp-blog.com/website/hexo-da-jian-ge-ren-wang-zhan/) | 2021-03-21 08:39:24  |
| [articles](https://github.com/lyy289065406/articles) | [Github Desktop 代理设置](https://exp-blog.com/scm/githubdesktop-dai-li-she-zhi/) | 2021-03-07 03:27:33  |
| [articles](https://github.com/lyy289065406/articles) | [Git-LFS 的使用和迁移笔记](https://exp-blog.com/scm/gitlfs-shi-yong-he-qian-yi/) | 2021-03-05 08:01:04  |
| [re0-web](https://github.com/lyy289065406/re0-web) | [&#x300E;&#x4ECE;&#x96F6;&#x5F00;&#x59CB;&#x7684;&#x738B;&#x9009;&#x751F;&#x6D3B;&#x3000;&#x91D1;&#x72EE;&#x5B50;&#x4E0E;&#x5251;&#x5723;&#x300F;](https://lyy289065406.github.io/re0-web/gitbook/book/markdown/ch/chapter999/short05/09.html) | 2020-08-18 13:04:08 ![news](https://github.com/lyy289065406/lyy289065406/blob/master/imgs/new.gif) |

2022-08-28 03:36:33 [INFO] - 正在更新 [README.md] ...
2022-08-28 03:36:33 [INFO] - 已更新 [README.md]
2022-08-28 03:45:08 [INFO] - 正在读取 [README.md] ...
2022-08-28 03:45:08 [INFO] - 正在读取所有项目仓库的活动数据 ...
2022-08-28 03:45:16 [INFO] - 获得 [110] 个项目仓库的数据
2022-08-28 03:45:16 [INFO] - 正在构造 [时间分配] 数据 ...
2022-08-28 03:45:16 [INFO] - 
```text
Programming    25 hrs    ooooooooooooooxxxxxx    60.61%
Learning       05 hrs    ooooxxxxxxxxxxxxxxxx    10.93%
Writing        02 hrs    ooxxxxxxxxxxxxxxxxxx    03.55%
Playing        10 hrs    ooooooxxxxxxxxxxxxxx    24.91%
```

2022-08-28 03:45:16 [INFO] - 正在构造 [最近活跃] 数据 ...
2022-08-28 03:45:16 [INFO] - 
| repo | description | commit count | push time |
|:------|:------|:------|:------|
| [ro-pandas-client-patch](https://github.com/lyy289065406/ro-pandas-client-patch) | 仙境 RO 传说 - 客户端（补丁） | 222 | 2022-08-27 14:13:08 ![news](https://github.com/lyy289065406/lyy289065406/blob/master/imgs/new.gif) |
| [ro-pandas-server-docker](https://github.com/lyy289065406/ro-pandas-server-docker) | 仙境 RO 传说 - 服务端（docker 一键启动版） | 1075 | 2022-08-27 12:35:46  |
| [CTF-Solving-Reports](https://github.com/lyy289065406/CTF-Solving-Reports) | CTF 解题报告 | 305 | 2022-08-24 07:35:50  |
| [AI-visual-training-cheater](https://github.com/lyy289065406/AI-visual-training-cheater) | AI 视觉训练辅助器 | 223 | 2022-08-22 16:55:00  |
| [ubuntu-gcc-cmake-docker](https://github.com/lyy289065406/ubuntu-gcc-cmake-docker) | ubuntu 18.04 + gcc 7.5.0 + cmake 3.16.0 | 15 | 2022-08-12 13:52:49  |
| [mojo-release-plugin](https://github.com/lyy289065406/mojo-release-plugin) | Maven项目发布插件 | 52 | 2022-07-01 22:19:18  |
| [ro-single-server](https://github.com/lyy289065406/ro-single-server) | 仙境RO传说-单机版-服务端（支持联机） | 380 | 2022-06-27 12:54:49  |
| [one-to-m-liveness](https://github.com/lyy289065406/one-to-m-liveness) | 一对多探活器 | 39 | 2022-06-07 10:00:42  |
| [ro-single-client](https://github.com/lyy289065406/ro-single-client) | 仙境RO传说-单机版-客户端（登陆补丁） | 26 | 2022-05-26 13:41:33  |
| [exp-libs-refactor](https://github.com/lyy289065406/exp-libs-refactor) | 经验构件库（重构版） | 119 | 2022-05-22 12:27:24  |

2022-08-28 03:45:16 [INFO] - 正在构造 [最新文章] 数据 ...
2022-08-28 03:45:17 [INFO] - 
| repo | article | push time |
|:------|:------|:------|
| [articles](https://github.com/lyy289065406/articles) | [弹无虚发？视觉 AI 杀疯了！](https://exp-blog.com/deeplearn/shi-jue-ai-fu-zhu-de-yuan-li-he-fan-zhi/) | 2022-05-04 13:49:12 ![news](https://github.com/lyy289065406/lyy289065406/blob/master/imgs/new.gif) |
| [articles](https://github.com/lyy289065406/articles) | [OpenPose 编译指引（含 python 接口）](https://exp-blog.com/deeplearn/openpose-bian-yi-zhi-yin/) | 2022-01-08 10:24:57  |
| [articles](https://github.com/lyy289065406/articles) | [浅出狼人杀](https://exp-blog.com/algorithm/qian-chu-lang-ren-sha/) | 2021-10-24 16:58:55  |
| [articles](https://github.com/lyy289065406/articles) | [深入博弈论](https://exp-blog.com/algorithm/shen-ru-bo-yi-lun/) | 2021-10-24 16:58:55  |
| [articles](https://github.com/lyy289065406/articles) | [CTF 解题报告导航](https://exp-blog.com/safe/ctf/ctf-jie-ti-bao-gao-dao-hang/) | 2021-08-17 08:21:57  |
| [articles](https://github.com/lyy289065406/articles) | [CVE-2021-22192 漏洞分析](https://exp-blog.com/safe/cve/cve-2021-22192-lou-dong-fen-xi/) | 2021-05-02 05:29:41  |
| [articles](https://github.com/lyy289065406/articles) | [使用 Hexo 在 Github 搭建个人网站](https://exp-blog.com/website/hexo-da-jian-ge-ren-wang-zhan/) | 2021-03-21 08:39:24  |
| [articles](https://github.com/lyy289065406/articles) | [Github Desktop 代理设置](https://exp-blog.com/scm/githubdesktop-dai-li-she-zhi/) | 2021-03-07 03:27:33  |
| [articles](https://github.com/lyy289065406/articles) | [Git-LFS 的使用和迁移笔记](https://exp-blog.com/scm/gitlfs-shi-yong-he-qian-yi/) | 2021-03-05 08:01:04  |
| [re0-web](https://github.com/lyy289065406/re0-web) | [&#x300E;I know&#x300F;](https://lyy289065406.github.io/re0-web/gitbook/book/markdown/ch/chapter070/75.html) | 2022-08-27 18:00:16 ![news](https://github.com/lyy289065406/lyy289065406/blob/master/imgs/new.gif) |

2022-08-28 03:45:17 [INFO] - 正在更新 [README.md] ...
2022-08-28 03:45:17 [INFO] - 已更新 [README.md]
